#
# There is insufficient memory for the Java Runtime Environment to continue.
# Native memory allocation (malloc) failed to allocate 1048576 bytes for AllocateHeap
# Possible reasons:
#   The system is out of physical RAM or swap space
#   The process is running with CompressedOops enabled, and the Java Heap may be blocking the growth of the native heap
# Possible solutions:
#   Reduce memory load on the system
#   Increase physical memory or swap space
#   Check if swap backing store is full
#   Decrease Java heap size (-Xmx/-Xms)
#   Decrease number of Java threads
#   Decrease Java thread stack sizes (-Xss)
#   Set larger code cache with -XX:ReservedCodeCacheSize=
#   JVM is running with Zero Based Compressed Oops mode in which the Java heap is
#     placed in the first 32GB address space. The Java Heap base address is the
#     maximum limit for the native heap growth. Please use -XX:HeapBaseMinAddress
#     to set the Java Heap base and to place the Java Heap above 32GB virtual address.
# This output file may be truncated or incomplete.
#
#  Out of Memory Error (memory/allocation.inline.hpp:61), pid=15148, tid=0x0000000000052c40
#
# JRE version:  (8.0_242-b01) (build )
# Java VM: OpenJDK 64-Bit Server VM (25.242-b01 mixed mode windows-amd64 compressed oops)
# Failed to write core dump. Minidumps are not enabled by default on client versions of Windows
#

---------------  T H R E A D  ---------------

Current thread (0x0000000002757000):  JavaThread "Unknown thread" [_thread_in_vm, id=339008, stack(0x0000000002650000,0x0000000002750000)]

Stack: [0x0000000002650000,0x0000000002750000]
[error occurred during error reporting (printing stack bounds), id 0xc0000005]

Native frames: (J=compiled Java code, j=interpreted, Vv=VM code, C=native code)


---------------  P R O C E S S  ---------------

Java Threads: ( => current thread )

Other Threads:

=>0x0000000002757000 (exited) JavaThread "Unknown thread" [_thread_in_vm, id=339008, stack(0x0000000002650000,0x0000000002750000)]

VM state:not at safepoint (normal execution)

VM Mutex/Monitor currently owned by a thread: None

heap address: 0x00000006c1400000, size: 4076 MB, Compressed Oops mode: Zero based, Oop shift amount: 3
Narrow klass base: 0x0000000000000000, Narrow klass shift: 3
Compressed class space size: 1073741824 Address: 0x00000007c0000000

Heap:
 PSYoungGen      total 76288K, used 1310K [0x000000076b180000, 0x0000000770680000, 0x00000007c0000000)
  eden space 65536K, 2% used [0x000000076b180000,0x000000076b2c7af0,0x000000076f180000)
  from space 10752K, 0% used [0x000000076fc00000,0x000000076fc00000,0x0000000770680000)
  to   space 10752K, 0% used [0x000000076f180000,0x000000076f180000,0x000000076fc00000)
 ParOldGen       total 175104K, used 0K [0x00000006c1400000, 0x00000006cbf00000, 0x000000076b180000)
  object space 175104K, 0% used [0x00000006c1400000,0x00000006c1400000,0x00000006cbf00000)
 Metaspace       used 779K, capacity 4480K, committed 4480K, reserved 1056768K
  class space    used 74K, capacity 384K, committed 384K, reserved 1048576K

Card table byte_map: [0x0000000011c10000,0x0000000012410000] byte_map_base: 0x000000000e606000

Marking Bits: (ParMarkBitMap*) 0x000000006792f030
 Begin Bits: [0x0000000013360000, 0x0000000017310000)
 End Bits:   [0x0000000017310000, 0x000000001b2c0000)

Polling page: 0x0000000000c10000

CodeCache: size=245760Kb used=328Kb max_used=328Kb free=245431Kb
 bounds [0x0000000002850000, 0x0000000002ac0000, 0x0000000011850000]
 total_blobs=57 nmethods=0 adapters=38
 compilation: enabled

Compilation events (0 events):
No events

GC Heap History (0 events):
No events

Deoptimization events (0 events):
No events

Classes redefined (0 events):
No events

Internal exceptions (0 events):
No events

Events (10 events):
Event: 0.015 loading class java/lang/Short
Event: 0.015 loading class java/lang/Short done
Event: 0.015 loading class java/lang/Integer
Event: 0.015 loading class java/lang/Integer done
Event: 0.015 loading class java/lang/Long
Event: 0.015 loading class java/lang/Long done
Event: 0.016 loading class java/lang/NullPointerException
Event: 0.016 loading class java/lang/NullPointerException done
Event: 0.016 loading class java/lang/ArithmeticException
Event: 0.016 loading class java/lang/ArithmeticException done


Dynamic libraries:
0x00007ff6904c0000 - 0x00007ff6904f1000 	C:\Program Files\Android\Android Studio\jre\jre\bin\java.exe
0x00007ffa155b0000 - 0x00007ffa157a6000 	C:\WINDOWS\SYSTEM32\ntdll.dll
0x00007ffa13df0000 - 0x00007ffa13ead000 	C:\WINDOWS\System32\KERNEL32.DLL
0x00007ffa12fd0000 - 0x00007ffa13299000 	C:\WINDOWS\System32\KERNELBASE.dll
0x00007ffa139d0000 - 0x00007ffa13a7c000 	C:\WINDOWS\System32\ADVAPI32.dll
0x00007ffa13d50000 - 0x00007ffa13dee000 	C:\WINDOWS\System32\msvcrt.dll
0x00007ffa13ec0000 - 0x00007ffa13f5c000 	C:\WINDOWS\System32\sechost.dll
0x00007ffa14030000 - 0x00007ffa1415b000 	C:\WINDOWS\System32\RPCRT4.dll
0x00007ffa13a80000 - 0x00007ffa13c20000 	C:\WINDOWS\System32\USER32.dll
0x00007ffa12df0000 - 0x00007ffa12e12000 	C:\WINDOWS\System32\win32u.dll
0x00007ffa13930000 - 0x00007ffa1395a000 	C:\WINDOWS\System32\GDI32.dll
0x00007ffa13500000 - 0x00007ffa13609000 	C:\WINDOWS\System32\gdi32full.dll
0x00007ffa12ea0000 - 0x00007ffa12f3d000 	C:\WINDOWS\System32\msvcp_win.dll
0x00007ffa12cf0000 - 0x00007ffa12df0000 	C:\WINDOWS\System32\ucrtbase.dll
0x00007ffa03370000 - 0x00007ffa0360b000 	C:\WINDOWS\WinSxS\amd64_microsoft.windows.common-controls_6595b64144ccf1df_6.0.19041.488_none_ca04af081b815d21\COMCTL32.dll
0x00007ffa14210000 - 0x00007ffa14240000 	C:\WINDOWS\System32\IMM32.DLL
0x0000000066fa0000 - 0x0000000067072000 	C:\Program Files\Android\Android Studio\jre\jre\bin\msvcr100.dll
0x0000000067160000 - 0x00000000679ab000 	C:\Program Files\Android\Android Studio\jre\jre\bin\server\jvm.dll
0x00007ffa15490000 - 0x00007ffa15498000 	C:\WINDOWS\System32\PSAPI.DLL
0x00007ffa08110000 - 0x00007ffa08137000 	C:\WINDOWS\SYSTEM32\WINMM.dll
0x00007ffa09df0000 - 0x00007ffa09dfa000 	C:\WINDOWS\SYSTEM32\VERSION.dll
0x00007ff9fa250000 - 0x00007ff9fa259000 	C:\WINDOWS\SYSTEM32\WSOCK32.dll
0x00007ffa13f60000 - 0x00007ffa13fcb000 	C:\WINDOWS\System32\WS2_32.dll
0x00007ffa0ae00000 - 0x00007ffa0ae0f000 	C:\Program Files\Android\Android Studio\jre\jre\bin\verify.dll
0x00007ffa02860000 - 0x00007ffa02889000 	C:\Program Files\Android\Android Studio\jre\jre\bin\java.dll
0x00007ffa0abb0000 - 0x00007ffa0abc6000 	C:\Program Files\Android\Android Studio\jre\jre\bin\zip.dll

VM Arguments:
java_command: org.jetbrains.kotlin.cli.jvm.K2JVMCompiler -Xallow-no-source-files -classpath C:\Users\ggbon\AndroidStudioProjects\AndroidTrivia\app\build\intermediates\compile_and_runtime_not_namespaced_r_class_jar\debug\R.jar;C:\Users\ggbon\.gradle\caches\transforms-2\files-2.1\b37159e50a13c104c35ac03cd41d971a\databinding-adapters-4.0.1-api.jar;C:\Users\ggbon\.gradle\caches\transforms-2\files-2.1\eaaaa834161a52590b137381b1a0aef8\databinding-runtime-4.0.1-api.jar;C:\Users\ggbon\.gradle\caches\modules-2\files-2.1\androidx.databinding\databinding-common\4.0.1\cdca8698ee545b79d656a4f1eeb103f60fad3ed1\databinding-common-4.0.1.jar;C:\Users\ggbon\.gradle\caches\transforms-2\files-2.1\c6ce6314681f27f55fecfe918b93f85f\jetified-viewbinding-4.0.1-api.jar;C:\Users\ggbon\.gradle\caches\transforms-2\files-2.1\15d595c104a1483f8e559797acb03e0f\constraintlayout-2.0.0-rc1-api.jar;C:\Users\ggbon\.gradle\caches\transforms-2\files-2.1\733bf3047253bcc0fc8c465b0238b538\navigation-ui-ktx-2.0.0-api.jar;C:\Users\ggbon\.gradle\caches\transforms-2\files-2.1\9f1375a081bd1b7722b8306d6306f272\navigation-ui-2.0.0-api.jar;C:\Users\ggbon\.gradle\caches\transforms-2\files-2.1\a1004a6f4f392289b2213173b7f8366e\material-1.2.0-api.jar;C:\Users\ggbon\.gradle\caches\transforms-2\files-2.1\894e95668622e030af80666dbb239382\legacy-support-v4-1.0.0-api.jar;C:\Users\ggbon\.gradle\caches\transforms-2\files-2.1\200b33f4d06504d95e651436a9df710c\appcompat-1.1.0-api.jar;C:\Users\ggbon\.gradle\caches\transforms-2\files-2.1\4a8eea255efc13260a9ab8396860f4c0\legacy-support-core-ui-1.0.0-api.jar;C:\Users\ggbon\.gradle\caches\transforms-2\files-2.1\4473a44a90b0d6d9e34113b6e7b59c5b\coordinatorlayout-1.1.0-api.jar;C:\Users\ggbon\.gradle\caches\transforms-2\files-2.1\45dbee2b24108c935e1ac576e1dd51a2\jetified-viewpager2-1.0.0-api.jar;C:\Users\ggbon\.gradle\caches\transforms-2\files-2.1\2c6f1e5a5a746ef179ed85774ddf4554\navigation-fragment-ktx-2.0.0-api.jar;C:\Users\ggbon\.gradle\caches\transforms-2\files-2.1\81e819f844714a93
java_class_path (initial): C:\Users\ggbon\.gradle\caches\modules-2\files-2.1\org.jetbrains.kotlin\kotlin-compiler-embeddable\1.3.72\fb72232c8fa977d5e07d33c43381ddbdc5edab6\kotlin-compiler-embeddable-1.3.72.jar;C:\Users\ggbon\.gradle\caches\modules-2\files-2.1\org.jetbrains.kotlin\kotlin-reflect\1.3.72\86613e1a669a701b0c660bfd2af4f82a7ae11fca\kotlin-reflect-1.3.72.jar;C:\Users\ggbon\.gradle\caches\modules-2\files-2.1\org.jetbrains.kotlin\kotlin-stdlib\1.3.72\8032138f12c0180bc4e51fe139d4c52b46db6109\kotlin-stdlib-1.3.72.jar;C:\Users\ggbon\.gradle\caches\modules-2\files-2.1\org.jetbrains.kotlin\kotlin-script-runtime\1.3.72\657d8d34d91e1964b4439378c09933e840bfe8d5\kotlin-script-runtime-1.3.72.jar;C:\Users\ggbon\.gradle\caches\modules-2\files-2.1\org.jetbrains.kotlin\kotlin-daemon-embeddable\1.3.72\53bbaa2816dbf6bdb85f629451b1fcc88f2164d2\kotlin-daemon-embeddable-1.3.72.jar;C:\Users\ggbon\.gradle\caches\modules-2\files-2.1\org.jetbrains.intellij.deps\trove4j\1.0.20181211\216c2e14b070f334479d800987affe4054cd563f\trove4j-1.0.20181211.jar;C:\Users\ggbon\.gradle\caches\modules-2\files-2.1\org.jetbrains.kotlin\kotlin-stdlib-common\1.3.72\6ca8bee3d88957eaaaef077c41c908c9940492d8\kotlin-stdlib-common-1.3.72.jar;C:\Users\ggbon\.gradle\caches\modules-2\files-2.1\org.jetbrains\annotations\13.0\919f0dfe192fb4e063e7dacadee7f8bb9a2672a9\annotations-13.0.jar;C:\Program Files\Android\Android Studio\jre\lib\tools.jar
Launcher Type: SUN_STANDARD

Environment Variables:
JAVA_HOME=C:\Program Files\Java\jdk-12.0.1
PATH=C:\Program Files\Common Files\Oracle\Java\javapath;C:\Windows\system32;C:\Windows;C:\Windows\System32\Wbem;C:\Windows\System32\WindowsPowerShell\v1.0\;C:\Windows\System32\OpenSSH\;C:\Program Files (x86)\NVIDIA Corporation\PhysX\Common;C:\Program Files\NVIDIA Corporation\NVIDIA NGX;C:\Program Files\NVIDIA Corporation\NVIDIA NvDLISR;C:\WINDOWS\system32;C:\WINDOWS;C:\WINDOWS\System32\Wbem;C:\WINDOWS\System32\WindowsPowerShell\v1.0\;C:\WINDOWS\System32\OpenSSH\;C:\Program Files\Git\cmd;C:\Program Files\PuTTY\;C:\Program Files\Java\jdk-15.0.1\bin;C:\Users\ggbon\AppData\Local\Microsoft\WindowsApps;C:\Program Files\Java\jdk-15.0.1\bin;C:\Program Files\Docker Toolbox;C:\Exercism
USERNAME=ggbong
OS=Windows_NT
PROCESSOR_IDENTIFIER=Intel64 Family 6 Model 158 Stepping 10, GenuineIntel



---------------  S Y S T E M  ---------------

OS: Windows 10.0 , 64 bit Build 19041 (10.0.19041.662)

CPU:total 12 (initial active 12) (6 cores per cpu, 2 threads per core) family 6 model 158 stepping 10, cmov, cx8, fxsr, mmx, sse, sse2, sse3, ssse3, sse4.1, sse4.2, popcnt, avx, avx2, aes, clmul, erms, 3dnowpref, lzcnt, ht, tsc, tscinvbit, bmi1, bmi2, adx

Memory: 4k page, physical 16694516k(5117492k free), swap 67026164k(5400k free)

vm_info: OpenJDK 64-Bit Server VM (25.242-b01) for windows-amd64 JRE (1.8.0_242-release-1644-b01), built by "builder" with MS VC++ 10.0 (VS2010)

time: Mon Dec 28 23:05:28 2020
timezone: Pacific Standard Time
elapsed time: 0 seconds (0d 0h 0m 0s)

