#
# There is insufficient memory for the Java Runtime Environment to continue.
# Native memory allocation (malloc) failed to allocate 717936 bytes for Chunk::new
# Possible reasons:
#   The system is out of physical RAM or swap space
#   The process is running with CompressedOops enabled, and the Java Heap may be blocking the growth of the native heap
# Possible solutions:
#   Reduce memory load on the system
#   Increase physical memory or swap space
#   Check if swap backing store is full
#   Decrease Java heap size (-Xmx/-Xms)
#   Decrease number of Java threads
#   Decrease Java thread stack sizes (-Xss)
#   Set larger code cache with -XX:ReservedCodeCacheSize=
#   JVM is running with Zero Based Compressed Oops mode in which the Java heap is
#     placed in the first 32GB address space. The Java Heap base address is the
#     maximum limit for the native heap growth. Please use -XX:HeapBaseMinAddress
#     to set the Java Heap base and to place the Java Heap above 32GB virtual address.
# This output file may be truncated or incomplete.
#
#  Out of Memory Error (allocation.cpp:389), pid=50960, tid=0x000000000002c304
#
# JRE version: OpenJDK Runtime Environment (8.0_242-b01) (build 1.8.0_242-release-1644-b01)
# Java VM: OpenJDK 64-Bit Server VM (25.242-b01 mixed mode windows-amd64 compressed oops)
# Failed to write core dump. Minidumps are not enabled by default on client versions of Windows
#

---------------  T H R E A D  ---------------

Current thread (0x000000001dfa8000):  JavaThread "C2 CompilerThread1" daemon [_thread_in_native, id=180996, stack(0x000000001f6e0000,0x000000001f7e0000)]

Stack: [0x000000001f6e0000,0x000000001f7e0000]
[error occurred during error reporting (printing stack bounds), id 0xc0000005]

Native frames: (J=compiled Java code, j=interpreted, Vv=VM code, C=native code)


Current CompileTask:
C2:   2250 3136       4       org.jetbrains.org.objectweb.asm.ClassReader::readMethod (1047 bytes)


---------------  P R O C E S S  ---------------

Java Threads: ( => current thread )
  0x000000001e031000 JavaThread "Service Thread" daemon [_thread_blocked, id=51224, stack(0x000000001f9e0000,0x000000001fae0000)]
  0x000000001dfb1000 JavaThread "C1 CompilerThread3" daemon [_thread_blocked, id=34864, stack(0x000000001f8e0000,0x000000001f9e0000)]
  0x000000001dfb0800 JavaThread "C2 CompilerThread2" daemon [_thread_in_native, id=70140, stack(0x000000001f7e0000,0x000000001f8e0000)]
=>0x000000001dfa8000 JavaThread "C2 CompilerThread1" daemon [_thread_in_native, id=180996, stack(0x000000001f6e0000,0x000000001f7e0000)]
  0x000000001dfa2000 JavaThread "C2 CompilerThread0" daemon [_thread_in_native, id=70160, stack(0x000000001f5e0000,0x000000001f6e0000)]
  0x000000001df9f800 JavaThread "Attach Listener" daemon [_thread_blocked, id=261728, stack(0x000000001f4e0000,0x000000001f5e0000)]
  0x000000001df9e800 JavaThread "Signal Dispatcher" daemon [_thread_blocked, id=34872, stack(0x000000001f3e0000,0x000000001f4e0000)]
  0x000000001c8bd000 JavaThread "Finalizer" daemon [_thread_blocked, id=73572, stack(0x000000001f1e0000,0x000000001f2e0000)]
  0x000000001df83000 JavaThread "Reference Handler" daemon [_thread_blocked, id=256208, stack(0x000000001f0e0000,0x000000001f1e0000)]
  0x0000000002b5b000 JavaThread "main" [_thread_in_vm, id=264968, stack(0x0000000002a50000,0x0000000002b50000)]

Other Threads:
  0x000000001c8a8800 VMThread [stack: 0x000000001efe0000,0x000000001f0e0000] [id=313580]
  0x000000001e041800 WatcherThread [stack: 0x000000001fae0000,0x000000001fbe0000] [id=57608]

VM state:not at safepoint (normal execution)

VM Mutex/Monitor currently owned by a thread: None

heap address: 0x00000006c1400000, size: 4076 MB, Compressed Oops mode: Zero based, Oop shift amount: 3
Narrow klass base: 0x0000000000000000, Narrow klass shift: 3
Compressed class space size: 1073741824 Address: 0x00000007c0000000

Heap:
 PSYoungGen      total 105984K, used 45324K [0x000000076b180000, 0x0000000772480000, 0x00000007c0000000)
  eden space 95232K, 47% used [0x000000076b180000,0x000000076ddc33e8,0x0000000770e80000)
  from space 10752K, 0% used [0x0000000771900000,0x0000000771900000,0x0000000772380000)
  to   space 10752K, 0% used [0x0000000770e80000,0x0000000770e80000,0x0000000771900000)
 ParOldGen       total 116224K, used 19488K [0x00000006c1400000, 0x00000006c8580000, 0x000000076b180000)
  object space 116224K, 16% used [0x00000006c1400000,0x00000006c2708350,0x00000006c8580000)
 Metaspace       used 39353K, capacity 40046K, committed 40448K, reserved 1085440K
  class space    used 5056K, capacity 5272K, committed 5376K, reserved 1048576K

Card table byte_map: [0x0000000012010000,0x0000000012810000] byte_map_base: 0x000000000ea06000

Marking Bits: (ParMarkBitMap*) 0x000000006792f030
 Begin Bits: [0x0000000013760000, 0x0000000017710000)
 End Bits:   [0x0000000017710000, 0x000000001b6c0000)

Polling page: 0x0000000000f50000

CodeCache: size=245760Kb used=10215Kb max_used=10224Kb free=235544Kb
 bounds [0x0000000002c50000, 0x0000000003660000, 0x0000000011c50000]
 total_blobs=3732 nmethods=3292 adapters=352
 compilation: enabled

Compilation events (10 events):
Event: 2.241 Thread 0x000000001dfb1000 nmethod 3298 0x0000000003646290 code [0x00000000036463e0, 0x00000000036464f0]
Event: 2.241 Thread 0x000000001dfb1000 3296       2       org.jetbrains.kotlin.com.intellij.psi.impl.source.tree.JavaElementType$$Lambda$122/103299785::get (8 bytes)
Event: 2.241 Thread 0x000000001dfb1000 nmethod 3296 0x0000000003646550 code [0x00000000036466c0, 0x0000000003646968]
Event: 2.241 Thread 0x000000001dfb1000 3297       2       org.jetbrains.kotlin.com.intellij.psi.impl.source.PsiJavaCodeReferenceElementImpl::<init> (28 bytes)
Event: 2.241 Thread 0x000000001dfb1000 nmethod 3297 0x0000000003646a50 code [0x0000000003646bc0, 0x0000000003646e28]
Event: 2.241 Thread 0x000000001dfb1000 3294       2       org.jetbrains.kotlin.com.intellij.lang.impl.PsiBuilderImpl$RelativeTokenTypesView::get (6 bytes)
Event: 2.241 Thread 0x000000001dfb1000 nmethod 3294 0x0000000003646ed0 code [0x0000000003647020, 0x00000000036471b0]
Event: 2.241 Thread 0x000000001dfb1000 3295       2       org.jetbrains.kotlin.com.intellij.lang.impl.PsiBuilderImpl$RelativeTokenTypesView::get (15 bytes)
Event: 2.241 Thread 0x000000001dfb1000 nmethod 3295 0x0000000003647310 code [0x0000000003647460, 0x00000000036475f0]
Event: 2.241 Thread 0x000000001dfb1000 3293       2       org.jetbrains.kotlin.com.intellij.lang.impl.PsiBuilderImpl$RelativeTokenTextView::get (51 bytes)

GC Heap History (10 events):
Event: 1.017 GC heap before
{Heap before GC invocations=2 (full 0):
 PSYoungGen      total 76288K, used 31039K [0x000000076b180000, 0x0000000770680000, 0x00000007c0000000)
  eden space 65536K, 30% used [0x000000076b180000,0x000000076c554b48,0x000000076f180000)
  from space 10752K, 99% used [0x000000076f180000,0x000000076fbfb298,0x000000076fc00000)
  to   space 10752K, 0% used [0x000000076fc00000,0x000000076fc00000,0x0000000770680000)
 ParOldGen       total 175104K, used 4840K [0x00000006c1400000, 0x00000006cbf00000, 0x000000076b180000)
  object space 175104K, 2% used [0x00000006c1400000,0x00000006c18ba0e0,0x00000006cbf00000)
 Metaspace       used 20677K, capacity 21156K, committed 21296K, reserved 1069056K
  class space    used 2449K, capacity 2604K, committed 2688K, reserved 1048576K
Event: 1.023 GC heap after
Heap after GC invocations=2 (full 0):
 PSYoungGen      total 76288K, used 9822K [0x000000076b180000, 0x0000000770680000, 0x00000007c0000000)
  eden space 65536K, 0% used [0x000000076b180000,0x000000076b180000,0x000000076f180000)
  from space 10752K, 91% used [0x000000076fc00000,0x0000000770597b78,0x0000000770680000)
  to   space 10752K, 0% used [0x000000076f180000,0x000000076f180000,0x000000076fc00000)
 ParOldGen       total 175104K, used 4912K [0x00000006c1400000, 0x00000006cbf00000, 0x000000076b180000)
  object space 175104K, 2% used [0x00000006c1400000,0x00000006c18cc0f0,0x00000006cbf00000)
 Metaspace       used 20677K, capacity 21156K, committed 21296K, reserved 1069056K
  class space    used 2449K, capacity 2604K, committed 2688K, reserved 1048576K
}
Event: 1.023 GC heap before
{Heap before GC invocations=3 (full 1):
 PSYoungGen      total 76288K, used 9822K [0x000000076b180000, 0x0000000770680000, 0x00000007c0000000)
  eden space 65536K, 0% used [0x000000076b180000,0x000000076b180000,0x000000076f180000)
  from space 10752K, 91% used [0x000000076fc00000,0x0000000770597b78,0x0000000770680000)
  to   space 10752K, 0% used [0x000000076f180000,0x000000076f180000,0x000000076fc00000)
 ParOldGen       total 175104K, used 4912K [0x00000006c1400000, 0x00000006cbf00000, 0x000000076b180000)
  object space 175104K, 2% used [0x00000006c1400000,0x00000006c18cc0f0,0x00000006cbf00000)
 Metaspace       used 20677K, capacity 21156K, committed 21296K, reserved 1069056K
  class space    used 2449K, capacity 2604K, committed 2688K, reserved 1048576K
Event: 1.044 GC heap after
Heap after GC invocations=3 (full 1):
 PSYoungGen      total 76288K, used 0K [0x000000076b180000, 0x0000000770680000, 0x00000007c0000000)
  eden space 65536K, 0% used [0x000000076b180000,0x000000076b180000,0x000000076f180000)
  from space 10752K, 0% used [0x000000076fc00000,0x000000076fc00000,0x0000000770680000)
  to   space 10752K, 0% used [0x000000076f180000,0x000000076f180000,0x000000076fc00000)
 ParOldGen       total 116224K, used 9442K [0x00000006c1400000, 0x00000006c8580000, 0x000000076b180000)
  object space 116224K, 8% used [0x00000006c1400000,0x00000006c1d38a20,0x00000006c8580000)
 Metaspace       used 20677K, capacity 21156K, committed 21296K, reserved 1069056K
  class space    used 2449K, capacity 2604K, committed 2688K, reserved 1048576K
}
Event: 1.584 GC heap before
{Heap before GC invocations=4 (full 1):
 PSYoungGen      total 76288K, used 65536K [0x000000076b180000, 0x0000000770680000, 0x00000007c0000000)
  eden space 65536K, 100% used [0x000000076b180000,0x000000076f180000,0x000000076f180000)
  from space 10752K, 0% used [0x000000076fc00000,0x000000076fc00000,0x0000000770680000)
  to   space 10752K, 0% used [0x000000076f180000,0x000000076f180000,0x000000076fc00000)
 ParOldGen       total 116224K, used 9442K [0x00000006c1400000, 0x00000006c8580000, 0x000000076b180000)
  object space 116224K, 8% used [0x00000006c1400000,0x00000006c1d38a20,0x00000006c8580000)
 Metaspace       used 29213K, capacity 29797K, committed 30080K, reserved 1075200K
  class space    used 3544K, capacity 3702K, committed 3712K, reserved 1048576K
Event: 1.591 GC heap after
Heap after GC invocations=4 (full 1):
 PSYoungGen      total 76288K, used 10749K [0x000000076b180000, 0x0000000772380000, 0x00000007c0000000)
  eden space 65536K, 0% used [0x000000076b180000,0x000000076b180000,0x000000076f180000)
  from space 10752K, 99% used [0x000000076f180000,0x000000076fbff628,0x000000076fc00000)
  to   space 10752K, 0% used [0x0000000771900000,0x0000000771900000,0x0000000772380000)
 ParOldGen       total 116224K, used 15101K [0x00000006c1400000, 0x00000006c8580000, 0x000000076b180000)
  object space 116224K, 12% used [0x00000006c1400000,0x00000006c22bf7b8,0x00000006c8580000)
 Metaspace       used 29213K, capacity 29797K, committed 30080K, reserved 1075200K
  class space    used 3544K, capacity 3702K, committed 3712K, reserved 1048576K
}
Event: 1.896 GC heap before
{Heap before GC invocations=5 (full 1):
 PSYoungGen      total 76288K, used 37159K [0x000000076b180000, 0x0000000772380000, 0x00000007c0000000)
  eden space 65536K, 40% used [0x000000076b180000,0x000000076cb4a7c0,0x000000076f180000)
  from space 10752K, 99% used [0x000000076f180000,0x000000076fbff628,0x000000076fc00000)
  to   space 10752K, 0% used [0x0000000771900000,0x0000000771900000,0x0000000772380000)
 ParOldGen       total 116224K, used 15101K [0x00000006c1400000, 0x00000006c8580000, 0x000000076b180000)
  object space 116224K, 12% used [0x00000006c1400000,0x00000006c22bf7b8,0x00000006c8580000)
 Metaspace       used 34625K, capacity 35194K, committed 35456K, reserved 1079296K
  class space    used 4431K, capacity 4616K, committed 4736K, reserved 1048576K
Event: 1.903 GC heap after
Heap after GC invocations=5 (full 1):
 PSYoungGen      total 105984K, used 10751K [0x000000076b180000, 0x0000000772480000, 0x00000007c0000000)
  eden space 95232K, 0% used [0x000000076b180000,0x000000076b180000,0x0000000770e80000)
  from space 10752K, 99% used [0x0000000771900000,0x000000077237fe98,0x0000000772380000)
  to   space 10752K, 0% used [0x0000000770e80000,0x0000000770e80000,0x0000000771900000)
 ParOldGen       total 116224K, used 18489K [0x00000006c1400000, 0x00000006c8580000, 0x000000076b180000)
  object space 116224K, 15% used [0x00000006c1400000,0x00000006c260e588,0x00000006c8580000)
 Metaspace       used 34625K, capacity 35194K, committed 35456K, reserved 1079296K
  class space    used 4431K, capacity 4616K, committed 4736K, reserved 1048576K
}
Event: 1.903 GC heap before
{Heap before GC invocations=6 (full 2):
 PSYoungGen      total 105984K, used 10751K [0x000000076b180000, 0x0000000772480000, 0x00000007c0000000)
  eden space 95232K, 0% used [0x000000076b180000,0x000000076b180000,0x0000000770e80000)
  from space 10752K, 99% used [0x0000000771900000,0x000000077237fe98,0x0000000772380000)
  to   space 10752K, 0% used [0x0000000770e80000,0x0000000770e80000,0x0000000771900000)
 ParOldGen       total 116224K, used 18489K [0x00000006c1400000, 0x00000006c8580000, 0x000000076b180000)
  object space 116224K, 15% used [0x00000006c1400000,0x00000006c260e588,0x00000006c8580000)
 Metaspace       used 34625K, capacity 35194K, committed 35456K, reserved 1079296K
  class space    used 4431K, capacity 4616K, committed 4736K, reserved 1048576K
Event: 1.930 GC heap after
Heap after GC invocations=6 (full 2):
 PSYoungGen      total 105984K, used 0K [0x000000076b180000, 0x0000000772480000, 0x00000007c0000000)
  eden space 95232K, 0% used [0x000000076b180000,0x000000076b180000,0x0000000770e80000)
  from space 10752K, 0% used [0x0000000771900000,0x0000000771900000,0x0000000772380000)
  to   space 10752K, 0% used [0x0000000770e80000,0x0000000770e80000,0x0000000771900000)
 ParOldGen       total 116224K, used 19488K [0x00000006c1400000, 0x00000006c8580000, 0x000000076b180000)
  object space 116224K, 16% used [0x00000006c1400000,0x00000006c2708350,0x00000006c8580000)
 Metaspace       used 34625K, capacity 35194K, committed 35456K, reserved 1079296K
  class space    used 4431K, capacity 4616K, committed 4736K, reserved 1048576K
}

Deoptimization events (10 events):
Event: 2.028 Thread 0x0000000002b5b000 Uncommon trap: reason=class_check action=maybe_recompile pc=0x000000000344f418 method=org.jetbrains.kotlin.com.intellij.openapi.util.text.StringUtilRt.lastIndexOf(Ljava/lang/CharSequence;CII)I @ 17
Event: 2.028 Thread 0x0000000002b5b000 Uncommon trap: reason=class_check action=maybe_recompile pc=0x000000000344f418 method=org.jetbrains.kotlin.com.intellij.openapi.util.text.StringUtilRt.lastIndexOf(Ljava/lang/CharSequence;CII)I @ 17
Event: 2.125 Thread 0x0000000002b5b000 Uncommon trap: reason=unstable_if action=reinterpret pc=0x000000000339a5b8 method=org.jetbrains.kotlin.com.intellij.util.text.ImmutableText.charAt(I)C @ 6
Event: 2.164 Thread 0x0000000002b5b000 Uncommon trap: reason=bimorphic action=maybe_recompile pc=0x000000000355ec1c method=org.jetbrains.kotlin.com.intellij.psi.impl.source.tree.SharedImplUtil.findFileElement(Lorg/jetbrains/kotlin/com/intellij/lang/ASTNode;)Lorg/jetbrains/kotlin/com/intellij/l
Event: 2.164 Thread 0x0000000002b5b000 Uncommon trap: reason=bimorphic action=maybe_recompile pc=0x000000000355ec1c method=org.jetbrains.kotlin.com.intellij.psi.impl.source.tree.SharedImplUtil.findFileElement(Lorg/jetbrains/kotlin/com/intellij/lang/ASTNode;)Lorg/jetbrains/kotlin/com/intellij/l
Event: 2.164 Thread 0x0000000002b5b000 Uncommon trap: reason=bimorphic action=maybe_recompile pc=0x000000000355ec1c method=org.jetbrains.kotlin.com.intellij.psi.impl.source.tree.SharedImplUtil.findFileElement(Lorg/jetbrains/kotlin/com/intellij/lang/ASTNode;)Lorg/jetbrains/kotlin/com/intellij/l
Event: 2.164 Thread 0x0000000002b5b000 Uncommon trap: reason=bimorphic action=maybe_recompile pc=0x000000000355ec1c method=org.jetbrains.kotlin.com.intellij.psi.impl.source.tree.SharedImplUtil.findFileElement(Lorg/jetbrains/kotlin/com/intellij/lang/ASTNode;)Lorg/jetbrains/kotlin/com/intellij/l
Event: 2.174 Thread 0x0000000002b5b000 Uncommon trap: reason=class_check action=maybe_recompile pc=0x00000000034b4ba8 method=org.jetbrains.kotlin.load.java.structure.impl.classFiles.BinaryClassSignatureParser.parseParameterizedClassRefSignature(Ljava/text/CharacterIterator;Lorg/jetbrains/kotli
Event: 2.174 Thread 0x0000000002b5b000 Uncommon trap: reason=class_check action=maybe_recompile pc=0x00000000034b4ba8 method=org.jetbrains.kotlin.load.java.structure.impl.classFiles.BinaryClassSignatureParser.parseParameterizedClassRefSignature(Ljava/text/CharacterIterator;Lorg/jetbrains/kotli
Event: 2.188 Thread 0x0000000002b5b000 Uncommon trap: reason=unstable_if action=reinterpret pc=0x00000000033e90a8 method=java.text.StringCharacterIterator.current()C @ 19

Classes redefined (0 events):
No events

Internal exceptions (10 events):
Event: 0.952 Thread 0x0000000002b5b000 Exception <a 'java/lang/NoSuchMethodError': java.lang.Object.lambda$static$0(I)[Lorg/jetbrains/kotlin/com/intellij/psi/PsiAnnotation;> (0x000000076bf1ba18) thrown at [C:\src\AOSP-openjdk-git\hotspot\src\share\vm\interpreter\linkResolver.cpp, line 620]
Event: 1.003 Thread 0x0000000002b5b000 Exception <a 'java/lang/NoSuchMethodError': java.lang.Object.lambda$static$0(I)[Lorg/jetbrains/kotlin/com/intellij/psi/PsiElement;> (0x000000076c40dc68) thrown at [C:\src\AOSP-openjdk-git\hotspot\src\share\vm\interpreter\linkResolver.cpp, line 620]
Event: 1.442 Thread 0x0000000002b5b000 Exception <a 'java/lang/ArrayIndexOutOfBoundsException': 126> (0x000000076ded0618) thrown at [C:\src\AOSP-openjdk-git\hotspot\src\share\vm\interpreter\interpreterRuntime.cpp, line 368]
Event: 1.443 Thread 0x0000000002b5b000 Exception <a 'java/lang/ArrayIndexOutOfBoundsException': 86> (0x000000076ded1aa0) thrown at [C:\src\AOSP-openjdk-git\hotspot\src\share\vm\interpreter\interpreterRuntime.cpp, line 368]
Event: 1.805 Thread 0x0000000002b5b000 Exception <a 'java/lang/NoSuchMethodError': java.lang.Object.lambda$static$0(I)[Lorg/jetbrains/kotlin/psi/KtExpression;> (0x000000076c40d278) thrown at [C:\src\AOSP-openjdk-git\hotspot\src\share\vm\interpreter\linkResolver.cpp, line 620]
Event: 2.115 Thread 0x0000000002b5b000 Exception <a 'java/lang/NoSuchMethodError': java.lang.Object.lambda$static$0(I)[Lorg/jetbrains/kotlin/com/intellij/psi/PsiClass;> (0x000000076c34f2b0) thrown at [C:\src\AOSP-openjdk-git\hotspot\src\share\vm\interpreter\linkResolver.cpp, line 620]
Event: 2.125 Thread 0x0000000002b5b000 Implicit null exception at 0x000000000339a4d0 to 0x000000000339a5a1
Event: 2.136 Thread 0x0000000002b5b000 Exception <a 'java/lang/NoSuchMethodError': java.lang.Object.lambda$static$0(I)[Lorg/jetbrains/kotlin/com/intellij/psi/PsiReference;> (0x000000076c4cd8e0) thrown at [C:\src\AOSP-openjdk-git\hotspot\src\share\vm\interpreter\linkResolver.cpp, line 620]
Event: 2.140 Thread 0x0000000002b5b000 Exception <a 'java/lang/NoSuchMethodError': java.lang.Object.lambda$static$0(I)[Lorg/jetbrains/kotlin/com/intellij/psi/PsiTypeElement;> (0x000000076c520540) thrown at [C:\src\AOSP-openjdk-git\hotspot\src\share\vm\interpreter\linkResolver.cpp, line 620]
Event: 2.154 Thread 0x0000000002b5b000 Exception <a 'java/lang/NoSuchMethodError': java.lang.Object.lambda$static$0(I)[Lorg/jetbrains/kotlin/com/intellij/psi/PsiTypeParameter;> (0x000000076c6212c8) thrown at [C:\src\AOSP-openjdk-git\hotspot\src\share\vm\interpreter\linkResolver.cpp, line 620]

Events (10 events):
Event: 2.186 loading class org/jetbrains/kotlin/types/TypeSubstitutor$SubstitutionException done
Event: 2.186 loading class org/jetbrains/kotlin/resolve/scopes/SubstitutingScope
Event: 2.186 loading class org/jetbrains/kotlin/resolve/scopes/SubstitutingScope done
Event: 2.186 loading class org/jetbrains/kotlin/resolve/calls/inference/CapturedTypeConstructorKt
Event: 2.186 loading class org/jetbrains/kotlin/resolve/calls/inference/CapturedTypeConstructorKt done
Event: 2.187 loading class org/jetbrains/kotlin/resolve/scopes/SubstitutingScope$_allDescriptors$2
Event: 2.187 loading class org/jetbrains/kotlin/resolve/scopes/SubstitutingScope$_allDescriptors$2 done
Event: 2.188 Thread 0x0000000002b5b000 Uncommon trap: trap_request=0xffffff65 fr.pc=0x00000000033e90a8
Event: 2.188 Thread 0x0000000002b5b000 DEOPT PACKING pc=0x00000000033e90a8 sp=0x0000000002b4c860
Event: 2.188 Thread 0x0000000002b5b000 DEOPT UNPACKING pc=0x0000000002c9557b sp=0x0000000002b4c800 mode 2


Dynamic libraries:
0x00007ff6904c0000 - 0x00007ff6904f1000 	C:\Program Files\Android\Android Studio\jre\jre\bin\java.exe
0x00007ffa155b0000 - 0x00007ffa157a6000 	C:\WINDOWS\SYSTEM32\ntdll.dll
0x00007ffa13df0000 - 0x00007ffa13ead000 	C:\WINDOWS\System32\KERNEL32.DLL
0x00007ffa12fd0000 - 0x00007ffa13299000 	C:\WINDOWS\System32\KERNELBASE.dll
0x00007ffa139d0000 - 0x00007ffa13a7c000 	C:\WINDOWS\System32\ADVAPI32.dll
0x00007ffa13d50000 - 0x00007ffa13dee000 	C:\WINDOWS\System32\msvcrt.dll
0x00007ffa13ec0000 - 0x00007ffa13f5c000 	C:\WINDOWS\System32\sechost.dll
0x00007ffa14030000 - 0x00007ffa1415b000 	C:\WINDOWS\System32\RPCRT4.dll
0x00007ffa13a80000 - 0x00007ffa13c20000 	C:\WINDOWS\System32\USER32.dll
0x00007ffa12df0000 - 0x00007ffa12e12000 	C:\WINDOWS\System32\win32u.dll
0x00007ffa13930000 - 0x00007ffa1395a000 	C:\WINDOWS\System32\GDI32.dll
0x00007ffa13500000 - 0x00007ffa13609000 	C:\WINDOWS\System32\gdi32full.dll
0x00007ffa12ea0000 - 0x00007ffa12f3d000 	C:\WINDOWS\System32\msvcp_win.dll
0x00007ffa12cf0000 - 0x00007ffa12df0000 	C:\WINDOWS\System32\ucrtbase.dll
0x00007ffa03370000 - 0x00007ffa0360b000 	C:\WINDOWS\WinSxS\amd64_microsoft.windows.common-controls_6595b64144ccf1df_6.0.19041.488_none_ca04af081b815d21\COMCTL32.dll
0x00007ffa14210000 - 0x00007ffa14240000 	C:\WINDOWS\System32\IMM32.DLL
0x0000000066fa0000 - 0x0000000067072000 	C:\Program Files\Android\Android Studio\jre\jre\bin\msvcr100.dll
0x0000000067160000 - 0x00000000679ab000 	C:\Program Files\Android\Android Studio\jre\jre\bin\server\jvm.dll
0x00007ffa15490000 - 0x00007ffa15498000 	C:\WINDOWS\System32\PSAPI.DLL
0x00007ff9fa250000 - 0x00007ff9fa259000 	C:\WINDOWS\SYSTEM32\WSOCK32.dll
0x00007ffa08110000 - 0x00007ffa08137000 	C:\WINDOWS\SYSTEM32\WINMM.dll
0x00007ffa09df0000 - 0x00007ffa09dfa000 	C:\WINDOWS\SYSTEM32\VERSION.dll
0x00007ffa13f60000 - 0x00007ffa13fcb000 	C:\WINDOWS\System32\WS2_32.dll
0x00007ffa0ff00000 - 0x00007ffa0ff0f000 	C:\Program Files\Android\Android Studio\jre\jre\bin\verify.dll
0x00007ffa054c0000 - 0x00007ffa054e9000 	C:\Program Files\Android\Android Studio\jre\jre\bin\java.dll
0x00007ffa0adf0000 - 0x00007ffa0ae06000 	C:\Program Files\Android\Android Studio\jre\jre\bin\zip.dll
0x00007ffa14d40000 - 0x00007ffa15482000 	C:\WINDOWS\System32\SHELL32.dll
0x00007ffa10dc0000 - 0x00007ffa11555000 	C:\WINDOWS\SYSTEM32\windows.storage.dll
0x00007ffa14360000 - 0x00007ffa146b6000 	C:\WINDOWS\System32\combase.dll
0x00007ffa12690000 - 0x00007ffa126bc000 	C:\WINDOWS\SYSTEM32\Wldp.dll
0x00007ffa14160000 - 0x00007ffa1420e000 	C:\WINDOWS\System32\SHCORE.dll
0x00007ffa13fd0000 - 0x00007ffa14025000 	C:\WINDOWS\System32\shlwapi.dll
0x00007ffa12c20000 - 0x00007ffa12c46000 	C:\WINDOWS\SYSTEM32\profapi.dll
0x00007ffa0abb0000 - 0x00007ffa0abca000 	C:\Program Files\Android\Android Studio\jre\jre\bin\net.dll
0x00007ffa123c0000 - 0x00007ffa1242a000 	C:\WINDOWS\system32\mswsock.dll
0x00007ffa0a810000 - 0x00007ffa0a823000 	C:\Program Files\Android\Android Studio\jre\jre\bin\nio.dll

VM Arguments:
java_command: org.jetbrains.kotlin.cli.jvm.K2JVMCompiler -Xallow-no-source-files -classpath C:\Users\ggbon\AndroidStudioProjects\AndroidTrivia\app\build\intermediates\compile_and_runtime_not_namespaced_r_class_jar\debug\R.jar;C:\Users\ggbon\.gradle\caches\transforms-2\files-2.1\b37159e50a13c104c35ac03cd41d971a\databinding-adapters-4.0.1-api.jar;C:\Users\ggbon\.gradle\caches\transforms-2\files-2.1\eaaaa834161a52590b137381b1a0aef8\databinding-runtime-4.0.1-api.jar;C:\Users\ggbon\.gradle\caches\modules-2\files-2.1\androidx.databinding\databinding-common\4.0.1\cdca8698ee545b79d656a4f1eeb103f60fad3ed1\databinding-common-4.0.1.jar;C:\Users\ggbon\.gradle\caches\transforms-2\files-2.1\c6ce6314681f27f55fecfe918b93f85f\jetified-viewbinding-4.0.1-api.jar;C:\Users\ggbon\.gradle\caches\transforms-2\files-2.1\15d595c104a1483f8e559797acb03e0f\constraintlayout-2.0.0-rc1-api.jar;C:\Users\ggbon\.gradle\caches\transforms-2\files-2.1\733bf3047253bcc0fc8c465b0238b538\navigation-ui-ktx-2.0.0-api.jar;C:\Users\ggbon\.gradle\caches\transforms-2\files-2.1\9f1375a081bd1b7722b8306d6306f272\navigation-ui-2.0.0-api.jar;C:\Users\ggbon\.gradle\caches\transforms-2\files-2.1\a1004a6f4f392289b2213173b7f8366e\material-1.2.0-api.jar;C:\Users\ggbon\.gradle\caches\transforms-2\files-2.1\894e95668622e030af80666dbb239382\legacy-support-v4-1.0.0-api.jar;C:\Users\ggbon\.gradle\caches\transforms-2\files-2.1\200b33f4d06504d95e651436a9df710c\appcompat-1.1.0-api.jar;C:\Users\ggbon\.gradle\caches\transforms-2\files-2.1\4a8eea255efc13260a9ab8396860f4c0\legacy-support-core-ui-1.0.0-api.jar;C:\Users\ggbon\.gradle\caches\transforms-2\files-2.1\4473a44a90b0d6d9e34113b6e7b59c5b\coordinatorlayout-1.1.0-api.jar;C:\Users\ggbon\.gradle\caches\transforms-2\files-2.1\45dbee2b24108c935e1ac576e1dd51a2\jetified-viewpager2-1.0.0-api.jar;C:\Users\ggbon\.gradle\caches\transforms-2\files-2.1\2c6f1e5a5a746ef179ed85774ddf4554\navigation-fragment-ktx-2.0.0-api.jar;C:\Users\ggbon\.gradle\caches\transforms-2\files-2.1\81e819f844714a93
java_class_path (initial): C:\Users\ggbon\.gradle\caches\modules-2\files-2.1\org.jetbrains.kotlin\kotlin-compiler-embeddable\1.3.72\fb72232c8fa977d5e07d33c43381ddbdc5edab6\kotlin-compiler-embeddable-1.3.72.jar;C:\Users\ggbon\.gradle\caches\modules-2\files-2.1\org.jetbrains.kotlin\kotlin-reflect\1.3.72\86613e1a669a701b0c660bfd2af4f82a7ae11fca\kotlin-reflect-1.3.72.jar;C:\Users\ggbon\.gradle\caches\modules-2\files-2.1\org.jetbrains.kotlin\kotlin-stdlib\1.3.72\8032138f12c0180bc4e51fe139d4c52b46db6109\kotlin-stdlib-1.3.72.jar;C:\Users\ggbon\.gradle\caches\modules-2\files-2.1\org.jetbrains.kotlin\kotlin-script-runtime\1.3.72\657d8d34d91e1964b4439378c09933e840bfe8d5\kotlin-script-runtime-1.3.72.jar;C:\Users\ggbon\.gradle\caches\modules-2\files-2.1\org.jetbrains.kotlin\kotlin-daemon-embeddable\1.3.72\53bbaa2816dbf6bdb85f629451b1fcc88f2164d2\kotlin-daemon-embeddable-1.3.72.jar;C:\Users\ggbon\.gradle\caches\modules-2\files-2.1\org.jetbrains.intellij.deps\trove4j\1.0.20181211\216c2e14b070f334479d800987affe4054cd563f\trove4j-1.0.20181211.jar;C:\Users\ggbon\.gradle\caches\modules-2\files-2.1\org.jetbrains.kotlin\kotlin-stdlib-common\1.3.72\6ca8bee3d88957eaaaef077c41c908c9940492d8\kotlin-stdlib-common-1.3.72.jar;C:\Users\ggbon\.gradle\caches\modules-2\files-2.1\org.jetbrains\annotations\13.0\919f0dfe192fb4e063e7dacadee7f8bb9a2672a9\annotations-13.0.jar;C:\Program Files\Android\Android Studio\jre\lib\tools.jar
Launcher Type: SUN_STANDARD

Environment Variables:
JAVA_HOME=C:\Program Files\Java\jdk-12.0.1
PATH=C:\Program Files\Common Files\Oracle\Java\javapath;C:\Windows\system32;C:\Windows;C:\Windows\System32\Wbem;C:\Windows\System32\WindowsPowerShell\v1.0\;C:\Windows\System32\OpenSSH\;C:\Program Files (x86)\NVIDIA Corporation\PhysX\Common;C:\Program Files\NVIDIA Corporation\NVIDIA NGX;C:\Program Files\NVIDIA Corporation\NVIDIA NvDLISR;C:\WINDOWS\system32;C:\WINDOWS;C:\WINDOWS\System32\Wbem;C:\WINDOWS\System32\WindowsPowerShell\v1.0\;C:\WINDOWS\System32\OpenSSH\;C:\Program Files\Git\cmd;C:\Program Files\PuTTY\;C:\Program Files\Java\jdk-15.0.1\bin;C:\Users\ggbon\AppData\Local\Microsoft\WindowsApps;C:\Program Files\Java\jdk-15.0.1\bin;C:\Program Files\Docker Toolbox;C:\Exercism
USERNAME=ggbong
OS=Windows_NT
PROCESSOR_IDENTIFIER=Intel64 Family 6 Model 158 Stepping 10, GenuineIntel



---------------  S Y S T E M  ---------------

OS: Windows 10.0 , 64 bit Build 19041 (10.0.19041.662)

CPU:total 12 (initial active 12) (6 cores per cpu, 2 threads per core) family 6 model 158 stepping 10, cmov, cx8, fxsr, mmx, sse, sse2, sse3, ssse3, sse4.1, sse4.2, popcnt, avx, avx2, aes, clmul, erms, 3dnowpref, lzcnt, ht, tsc, tscinvbit, bmi1, bmi2, adx

Memory: 4k page, physical 16694516k(4526288k free), swap 67026164k(5304k free)

vm_info: OpenJDK 64-Bit Server VM (25.242-b01) for windows-amd64 JRE (1.8.0_242-release-1644-b01), built by "builder" with MS VC++ 10.0 (VS2010)

time: Mon Dec 28 23:15:02 2020
timezone: Pacific Standard Time
elapsed time: 2 seconds (0d 0h 0m 2s)

